<?xml version="1.0" encoding="UTF-8"?>
<testsuite xmlns:xsi="http://www.w3.org/2001/XMLSchema-instance" xsi:noNamespaceSchemaLocation="https://maven.apache.org/surefire/maven-surefire-plugin/xsd/surefire-test-report-3.0.xsd" version="3.0" name="com.example.saudeinteligente.SaudeinteligenteApplicationTests" time="19.304" tests="1" errors="0" skipped="0" failures="0">
  <properties>
[...]
</properties>
  <testcase name="contextLoads" classname="com.example.saudeinteligente.SaudeinteligenteApplicationTests" time="0.732">
    <system-out><![CDATA[23:32:09.860 [main] INFO org.springframework.test.context.support.AnnotationConfigContextLoaderUtils -- Could not detect default configuration classes for test class [com.example.saudeinteligente.SaudeinteligenteApplicationTests]: SaudeinteligenteApplicationTests does not declare any static, non-private, non-final, nested classes annotated with @Configuration.
23:32:10.037 [main] INFO org.springframework.boot.test.context.SpringBootTestContextBootstrapper -- Found @SpringBootConfiguration com.example.saudeinteligente.SaudeInteligenteApplication for test class com.example.saudeinteligente.SaudeinteligenteApplicationTests

  .   ____          _            __ _ _
 /\\ / ___'_ __ _ _(_)_ __  __ _ \ \ \ \
( ( )\___ | '_ | '_| | '_ \/ _` | \ \ \ \
 \\/  ___)| |_)| | | | | || (_| |  ) ) ) )
  '  |____| .__|_| |_|_| |_\__, | / / / /
 =========|_|==============|___/=/_/_/_/
 :: Spring Boot ::                (v3.1.0)

2024-05-27T23:32:10.875-03:00  INFO 19888 --- [           main] c.e.s.SaudeinteligenteApplicationTests   : Starting SaudeinteligenteApplicationTests using Java 22.0.1 with PID 19888 (started by Mad in C:\Users\Mad\IdeaProjects\saudeinteligente)
2024-05-27T23:32:10.877-03:00  INFO 19888 --- [           main] c.e.s.SaudeinteligenteApplicationTests   : No active profile set, falling back to 1 default profile: "default"
2024-05-27T23:32:12.161-03:00  INFO 19888 --- [           main] .s.d.r.c.RepositoryConfigurationDelegate : Bootstrapping Spring Data JPA repositories in DEFAULT mode.
2024-05-27T23:32:12.261-03:00  INFO 19888 --- [           main] .s.d.r.c.RepositoryConfigurationDelegate : Finished Spring Data repository scanning in 85 ms. Found 5 JPA repository interfaces.
2024-05-27T23:32:13.098-03:00  INFO 19888 --- [           main] o.f.c.internal.license.VersionPrinter    : Flyway Community Edition 9.16.3 by Redgate
2024-05-27T23:32:13.098-03:00  INFO 19888 --- [           main] o.f.c.internal.license.VersionPrinter    : See release notes here: https://rd.gt/416ObMi
2024-05-27T23:32:13.099-03:00  INFO 19888 --- [           main] o.f.c.internal.license.VersionPrinter    : 
2024-05-27T23:32:13.722-03:00  INFO 19888 --- [           main] o.f.c.i.database.base.BaseDatabaseType   : Database: jdbc:oracle:thin:@oracle.fiap.com.br:1521:orcl (Oracle 19.0)
2024-05-27T23:32:14.105-03:00  INFO 19888 --- [           main] o.f.core.internal.command.DbValidate     : Successfully validated 1 migration (execution time 00:00.073s)
2024-05-27T23:32:14.437-03:00  INFO 19888 --- [           main] o.f.core.internal.command.DbMigrate      : Current version of schema "RM550933": 1
2024-05-27T23:32:14.460-03:00  INFO 19888 --- [           main] o.f.core.internal.command.DbMigrate      : Schema "RM550933" is up to date. No migration necessary.
2024-05-27T23:32:14.747-03:00  INFO 19888 --- [           main] o.hibernate.jpa.internal.util.LogHelper  : HHH000204: Processing PersistenceUnitInfo [name: default]
2024-05-27T23:32:14.867-03:00  INFO 19888 --- [           main] org.hibernate.Version                    : HHH000412: Hibernate ORM core version 6.2.2.Final
2024-05-27T23:32:14.871-03:00  INFO 19888 --- [           main] org.hibernate.cfg.Environment            : HHH000406: Using bytecode reflection optimizer
2024-05-27T23:32:15.141-03:00  INFO 19888 --- [           main] o.h.b.i.BytecodeProviderInitiator        : HHH000021: Bytecode provider name : bytebuddy
2024-05-27T23:32:15.391-03:00  INFO 19888 --- [           main] o.s.o.j.p.SpringPersistenceUnitInfo      : No LoadTimeWeaver setup: ignoring JPA class transformer
2024-05-27T23:32:15.418-03:00  INFO 19888 --- [           main] com.zaxxer.hikari.HikariDataSource       : HikariPool-1 - Starting...
2024-05-27T23:32:15.633-03:00  INFO 19888 --- [           main] com.zaxxer.hikari.pool.HikariPool        : HikariPool-1 - Added connection oracle.jdbc.driver.T4CConnection@238ad211
2024-05-27T23:32:15.636-03:00  INFO 19888 --- [           main] com.zaxxer.hikari.HikariDataSource       : HikariPool-1 - Start completed.
2024-05-27T23:32:15.684-03:00  INFO 19888 --- [           main] org.hibernate.orm.dialect                : HHH035001: Using dialect: org.hibernate.dialect.Oracle12cDialect, version: 12.0
2024-05-27T23:32:15.687-03:00  WARN 19888 --- [           main] org.hibernate.orm.deprecation            : HHH90000026: Oracle12cDialect has been deprecated; use org.hibernate.dialect.OracleDialect instead
2024-05-27T23:32:16.059-03:00  INFO 19888 --- [           main] o.h.b.i.BytecodeProviderInitiator        : HHH000021: Bytecode provider name : bytebuddy
2024-05-27T23:32:17.044-03:00  INFO 19888 --- [           main] o.h.e.t.j.p.i.JtaPlatformInitiator       : HHH000490: Using JtaPlatform implementation: [org.hibernate.engine.transaction.jta.platform.internal.NoJtaPlatform]
Hibernate: alter table consulta modify data_hora timestamp(6)
Hibernate: alter table monitoramento modify data_hora timestamp(6)
2024-05-27T23:32:24.397-03:00  INFO 19888 --- [           main] j.LocalContainerEntityManagerFactoryBean : Initialized JPA EntityManagerFactory for persistence unit 'default'
2024-05-27T23:32:25.649-03:00  WARN 19888 --- [           main] JpaBaseConfiguration$JpaWebConfiguration : spring.jpa.open-in-view is enabled by default. Therefore, database queries may be performed during view rendering. Explicitly configure spring.jpa.open-in-view to disable this warning
2024-05-27T23:32:26.737-03:00  INFO 19888 --- [           main] o.s.s.web.DefaultSecurityFilterChain     : Will secure any request with [org.springframework.security.web.session.DisableEncodeUrlFilter@1e86b2d1, org.springframework.security.web.context.request.async.WebAsyncManagerIntegrationFilter@65029fc, org.springframework.security.web.context.SecurityContextHolderFilter@3f36c191, org.springframework.security.web.header.HeaderWriterFilter@65852d05, org.springframework.security.web.authentication.logout.LogoutFilter@1ae26c59, org.springframework.security.web.authentication.UsernamePasswordAuthenticationFilter@4830c979, org.springframework.security.web.authentication.ui.DefaultLoginPageGeneratingFilter@2f006edf, org.springframework.security.web.authentication.ui.DefaultLogoutPageGeneratingFilter@4865434e, org.springframework.security.web.savedrequest.RequestCacheAwareFilter@54a5eff, org.springframework.security.web.servletapi.SecurityContextHolderAwareRequestFilter@29612ee2, org.springframework.security.web.authentication.AnonymousAuthenticationFilter@3c6e407, org.springframework.security.web.access.ExceptionTranslationFilter@76b6bad3, org.springframework.security.web.access.intercept.FilterSecurityInterceptor@28721794]
2024-05-27T23:32:27.750-03:00  INFO 19888 --- [           main] c.e.s.SaudeinteligenteApplicationTests   : Started SaudeinteligenteApplicationTests in 17.476 seconds (process running for 18.954)
Hibernate: select u1_0.username,u1_0.password from users u1_0 where u1_0.username=?
Hibernate: update users set password=? where username=?
]]></system-out>
    <system-err><![CDATA[WARNING: A Java agent has been loaded dynamically (C:\Users\Mad\.m2\repository\net\bytebuddy\byte-buddy-agent\1.14.4\byte-buddy-agent-1.14.4.jar)
WARNING: If a serviceability tool is in use, please run with -XX:+EnableDynamicAgentLoading to hide this warning
WARNING: If a serviceability tool is not in use, please run with -Djdk.instrument.traceUsage for more information
WARNING: Dynamic loading of agents will be disallowed by default in a future release
]]></system-err>
  </testcase>
</testsuite>